<?xml version="1.0" encoding="UTF-8"?>
<!-- Generated by org.testng.reporters.JUnitXMLReporter -->
<testsuite ignored="0" hostname="Jaggus-MacBook-Air.local" failures="0" tests="8" name="Default test" time="93.995" errors="0" timestamp="30 May 2018 05:21:02 GMT">
  <testcase classname="com.tests.HOOQAutomationPracticeTest" name="loginTests" time="12.929"/>
  <testcase classname="com.tests.HOOQAutomationPracticeTest" name="loginTests" time="8.51"/>
  <testcase classname="com.tests.HOOQAutomationPracticeTest" name="loginTests" time="8.918"/>
  <testcase classname="com.tests.HOOQAutomationPracticeTest" name="loginTests" time="12.907"/>
  <testcase classname="com.tests.HOOQAutomationPracticeTest" name="loginTests" time="10.208"/>
  <testcase classname="com.tests.HOOQAutomationPracticeTest" name="loginTests" time="12.667"/>
  <testcase classname="com.tests.HOOQAutomationPracticeTest" name="loginTests" time="10.048"/>
  <testcase classname="com.tests.HOOQAutomationPracticeTest" name="loginTests" time="17.778"/>
</testsuite> <!-- Default test -->
