<?xml version="1.0" encoding="UTF-8"?>
<testng-results ignored="0" total="10" passed="6" failed="4" skipped="0">
  <reporter-output>
  </reporter-output>
  <suite started-at="2018-05-30T10:34:55Z" name="HOOQ Automation Practice TestSuite" finished-at="2018-05-30T10:36:13Z" duration-ms="77388">
    <groups>
    </groups>
    <test started-at="2018-05-30T10:34:55Z" name="HOOQ Automation Practice Validations" finished-at="2018-05-30T10:36:13Z" duration-ms="77388">
      <class name="com.tests.HOOQAutomationPracticeTest">
        <test-method is-config="true" signature="initialization()[pri:0, instance:com.tests.HOOQAutomationPracticeTest@15ca7889]" started-at="2018-05-30T16:04:50Z" name="initialization" finished-at="2018-05-30T16:04:55Z" duration-ms="5318" status="PASS">
          <reporter-output>
          </reporter-output>
        </test-method> <!-- initialization -->
        <test-method signature="loginAPITests(java.lang.String, java.lang.String)[pri:0, instance:com.tests.HOOQAutomationPracticeTest@15ca7889]" started-at="2018-05-30T16:04:55Z" name="loginAPITests" data-provider="loginAPIData" finished-at="2018-05-30T16:04:58Z" duration-ms="2364" status="PASS">
          <params>
            <param index="0">
              <value>
                <![CDATA[jaggu.souj@gmail.com]]>
              </value>
            </param>
            <param index="1">
              <value>
                <![CDATA[Souj@2322]]>
              </value>
            </param>
          </params>
          <reporter-output>
          </reporter-output>
        </test-method> <!-- loginAPITests -->
        <test-method signature="loginTests(java.lang.String, java.lang.String, java.lang.String, java.lang.String)[pri:0, instance:com.tests.HOOQAutomationPracticeTest@15ca7889]" started-at="2018-05-30T16:04:58Z" name="loginTests" data-provider="loginData" finished-at="2018-05-30T16:05:07Z" duration-ms="8955" status="FAIL">
          <params>
            <param index="0">
              <value>
                <![CDATA[EMAIL_jaggu.souj@gmail.com]]>
              </value>
            </param>
            <param index="1">
              <value>
                <![CDATA[PWD_Souj@2322]]>
              </value>
            </param>
            <param index="2">
              <value>
                <![CDATA[TEST-TYPE_positive]]>
              </value>
            </param>
            <param index="3">
              <value>
                <![CDATA[ERROR-MSG_]]>
              </value>
            </param>
          </params>
          <exception class="java.lang.ArrayIndexOutOfBoundsException">
            <message>
              <![CDATA[1]]>
            </message>
            <full-stacktrace>
              <![CDATA[java.lang.ArrayIndexOutOfBoundsException: 1
	at com.tests.HOOQAutomationPracticeTest.loginTests(HOOQAutomationPracticeTest.java:40)
	at java.base/jdk.internal.reflect.NativeMethodAccessorImpl.invoke0(Native Method)
	at java.base/jdk.internal.reflect.NativeMethodAccessorImpl.invoke(NativeMethodAccessorImpl.java:62)
	at java.base/jdk.internal.reflect.DelegatingMethodAccessorImpl.invoke(DelegatingMethodAccessorImpl.java:43)
	at java.base/java.lang.reflect.Method.invoke(Method.java:564)
	at org.testng.internal.MethodInvocationHelper.invokeMethod(MethodInvocationHelper.java:104)
	at org.testng.internal.Invoker.invokeMethod(Invoker.java:645)
	at org.testng.internal.Invoker.invokeTestMethod(Invoker.java:851)
	at org.testng.internal.Invoker.invokeTestMethods(Invoker.java:1177)
	at org.testng.internal.TestMethodWorker.invokeTestMethods(TestMethodWorker.java:129)
	at org.testng.internal.TestMethodWorker.run(TestMethodWorker.java:112)
	at java.base/java.util.concurrent.ThreadPoolExecutor.runWorker(ThreadPoolExecutor.java:1135)
	at java.base/java.util.concurrent.ThreadPoolExecutor$Worker.run(ThreadPoolExecutor.java:635)
	at java.base/java.lang.Thread.run(Thread.java:844)
]]>
            </full-stacktrace>
          </exception> <!-- java.lang.ArrayIndexOutOfBoundsException -->
          <reporter-output>
          </reporter-output>
        </test-method> <!-- loginTests -->
        <test-method signature="loginTests(java.lang.String, java.lang.String, java.lang.String, java.lang.String)[pri:0, instance:com.tests.HOOQAutomationPracticeTest@15ca7889]" started-at="2018-05-30T16:05:07Z" name="loginTests" data-provider="loginData" finished-at="2018-05-30T16:05:13Z" duration-ms="5755" status="FAIL">
          <params>
            <param index="0">
              <value>
                <![CDATA[EMAIL_]]>
              </value>
            </param>
            <param index="1">
              <value>
                <![CDATA[PWD_]]>
              </value>
            </param>
            <param index="2">
              <value>
                <![CDATA[TEST-TYPE_negative]]>
              </value>
            </param>
            <param index="3">
              <value>
                <![CDATA[ERROR-MSG_An email address required.]]>
              </value>
            </param>
          </params>
          <exception class="java.lang.ArrayIndexOutOfBoundsException">
            <message>
              <![CDATA[1]]>
            </message>
            <full-stacktrace>
              <![CDATA[java.lang.ArrayIndexOutOfBoundsException: 1
	at com.tests.HOOQAutomationPracticeTest.loginTests(HOOQAutomationPracticeTest.java:40)
	at java.base/jdk.internal.reflect.NativeMethodAccessorImpl.invoke0(Native Method)
	at java.base/jdk.internal.reflect.NativeMethodAccessorImpl.invoke(NativeMethodAccessorImpl.java:62)
	at java.base/jdk.internal.reflect.DelegatingMethodAccessorImpl.invoke(DelegatingMethodAccessorImpl.java:43)
	at java.base/java.lang.reflect.Method.invoke(Method.java:564)
	at org.testng.internal.MethodInvocationHelper.invokeMethod(MethodInvocationHelper.java:104)
	at org.testng.internal.Invoker.invokeMethod(Invoker.java:645)
	at org.testng.internal.Invoker.invokeTestMethod(Invoker.java:851)
	at org.testng.internal.Invoker.invokeTestMethods(Invoker.java:1177)
	at org.testng.internal.TestMethodWorker.invokeTestMethods(TestMethodWorker.java:129)
	at org.testng.internal.TestMethodWorker.run(TestMethodWorker.java:112)
	at java.base/java.util.concurrent.ThreadPoolExecutor.runWorker(ThreadPoolExecutor.java:1135)
	at java.base/java.util.concurrent.ThreadPoolExecutor$Worker.run(ThreadPoolExecutor.java:635)
	at java.base/java.lang.Thread.run(Thread.java:844)
]]>
            </full-stacktrace>
          </exception> <!-- java.lang.ArrayIndexOutOfBoundsException -->
          <reporter-output>
          </reporter-output>
        </test-method> <!-- loginTests -->
        <test-method signature="loginTests(java.lang.String, java.lang.String, java.lang.String, java.lang.String)[pri:0, instance:com.tests.HOOQAutomationPracticeTest@15ca7889]" started-at="2018-05-30T16:05:13Z" name="loginTests" data-provider="loginData" finished-at="2018-05-30T16:05:20Z" duration-ms="7247" status="FAIL">
          <params>
            <param index="0">
              <value>
                <![CDATA[EMAIL_jaggu.souj@gmail.com]]>
              </value>
            </param>
            <param index="1">
              <value>
                <![CDATA[PWD_]]>
              </value>
            </param>
            <param index="2">
              <value>
                <![CDATA[TEST-TYPE_negative]]>
              </value>
            </param>
            <param index="3">
              <value>
                <![CDATA[ERROR-MSG_Password is required.]]>
              </value>
            </param>
          </params>
          <exception class="java.lang.ArrayIndexOutOfBoundsException">
            <message>
              <![CDATA[1]]>
            </message>
            <full-stacktrace>
              <![CDATA[java.lang.ArrayIndexOutOfBoundsException: 1
	at com.tests.HOOQAutomationPracticeTest.loginTests(HOOQAutomationPracticeTest.java:40)
	at java.base/jdk.internal.reflect.NativeMethodAccessorImpl.invoke0(Native Method)
	at java.base/jdk.internal.reflect.NativeMethodAccessorImpl.invoke(NativeMethodAccessorImpl.java:62)
	at java.base/jdk.internal.reflect.DelegatingMethodAccessorImpl.invoke(DelegatingMethodAccessorImpl.java:43)
	at java.base/java.lang.reflect.Method.invoke(Method.java:564)
	at org.testng.internal.MethodInvocationHelper.invokeMethod(MethodInvocationHelper.java:104)
	at org.testng.internal.Invoker.invokeMethod(Invoker.java:645)
	at org.testng.internal.Invoker.invokeTestMethod(Invoker.java:851)
	at org.testng.internal.Invoker.invokeTestMethods(Invoker.java:1177)
	at org.testng.internal.TestMethodWorker.invokeTestMethods(TestMethodWorker.java:129)
	at org.testng.internal.TestMethodWorker.run(TestMethodWorker.java:112)
	at java.base/java.util.concurrent.ThreadPoolExecutor.runWorker(ThreadPoolExecutor.java:1135)
	at java.base/java.util.concurrent.ThreadPoolExecutor$Worker.run(ThreadPoolExecutor.java:635)
	at java.base/java.lang.Thread.run(Thread.java:844)
]]>
            </full-stacktrace>
          </exception> <!-- java.lang.ArrayIndexOutOfBoundsException -->
          <reporter-output>
          </reporter-output>
        </test-method> <!-- loginTests -->
        <test-method signature="loginTests(java.lang.String, java.lang.String, java.lang.String, java.lang.String)[pri:0, instance:com.tests.HOOQAutomationPracticeTest@15ca7889]" started-at="2018-05-30T16:05:20Z" name="loginTests" data-provider="loginData" finished-at="2018-05-30T16:05:25Z" duration-ms="4729" status="FAIL">
          <params>
            <param index="0">
              <value>
                <![CDATA[EMAIL_]]>
              </value>
            </param>
            <param index="1">
              <value>
                <![CDATA[PWD_Souj@2322]]>
              </value>
            </param>
            <param index="2">
              <value>
                <![CDATA[TEST-TYPE_negative]]>
              </value>
            </param>
            <param index="3">
              <value>
                <![CDATA[ERROR-MSG_An email address required.]]>
              </value>
            </param>
          </params>
          <exception class="java.lang.ArrayIndexOutOfBoundsException">
            <message>
              <![CDATA[1]]>
            </message>
            <full-stacktrace>
              <![CDATA[java.lang.ArrayIndexOutOfBoundsException: 1
	at com.tests.HOOQAutomationPracticeTest.loginTests(HOOQAutomationPracticeTest.java:40)
	at java.base/jdk.internal.reflect.NativeMethodAccessorImpl.invoke0(Native Method)
	at java.base/jdk.internal.reflect.NativeMethodAccessorImpl.invoke(NativeMethodAccessorImpl.java:62)
	at java.base/jdk.internal.reflect.DelegatingMethodAccessorImpl.invoke(DelegatingMethodAccessorImpl.java:43)
	at java.base/java.lang.reflect.Method.invoke(Method.java:564)
	at org.testng.internal.MethodInvocationHelper.invokeMethod(MethodInvocationHelper.java:104)
	at org.testng.internal.Invoker.invokeMethod(Invoker.java:645)
	at org.testng.internal.Invoker.invokeTestMethod(Invoker.java:851)
	at org.testng.internal.Invoker.invokeTestMethods(Invoker.java:1177)
	at org.testng.internal.TestMethodWorker.invokeTestMethods(TestMethodWorker.java:129)
	at org.testng.internal.TestMethodWorker.run(TestMethodWorker.java:112)
	at java.base/java.util.concurrent.ThreadPoolExecutor.runWorker(ThreadPoolExecutor.java:1135)
	at java.base/java.util.concurrent.ThreadPoolExecutor$Worker.run(ThreadPoolExecutor.java:635)
	at java.base/java.lang.Thread.run(Thread.java:844)
]]>
            </full-stacktrace>
          </exception> <!-- java.lang.ArrayIndexOutOfBoundsException -->
          <reporter-output>
          </reporter-output>
        </test-method> <!-- loginTests -->
        <test-method signature="loginTests(java.lang.String, java.lang.String, java.lang.String, java.lang.String)[pri:0, instance:com.tests.HOOQAutomationPracticeTest@15ca7889]" started-at="2018-05-30T16:05:25Z" name="loginTests" data-provider="loginData" finished-at="2018-05-30T16:05:33Z" duration-ms="8766" status="PASS">
          <params>
            <param index="0">
              <value>
                <![CDATA[EMAIL_jaggu.soujsddsfd@gmail.com]]>
              </value>
            </param>
            <param index="1">
              <value>
                <![CDATA[PWD_Souj@2322]]>
              </value>
            </param>
            <param index="2">
              <value>
                <![CDATA[TEST-TYPE_negative]]>
              </value>
            </param>
            <param index="3">
              <value>
                <![CDATA[ERROR-MSG_Authentication failed.]]>
              </value>
            </param>
          </params>
          <reporter-output>
          </reporter-output>
        </test-method> <!-- loginTests -->
        <test-method signature="loginTests(java.lang.String, java.lang.String, java.lang.String, java.lang.String)[pri:0, instance:com.tests.HOOQAutomationPracticeTest@15ca7889]" started-at="2018-05-30T16:05:33Z" name="loginTests" data-provider="loginData" finished-at="2018-05-30T16:05:41Z" duration-ms="8058" status="PASS">
          <params>
            <param index="0">
              <value>
                <![CDATA[EMAIL_jaggu.souj@gmail.com]]>
              </value>
            </param>
            <param index="1">
              <value>
                <![CDATA[PWD_Soudfdgdfgj@2322]]>
              </value>
            </param>
            <param index="2">
              <value>
                <![CDATA[TEST-TYPE_negative]]>
              </value>
            </param>
            <param index="3">
              <value>
                <![CDATA[ERROR-MSG_Authentication failed.]]>
              </value>
            </param>
          </params>
          <reporter-output>
          </reporter-output>
        </test-method> <!-- loginTests -->
        <test-method signature="loginTests(java.lang.String, java.lang.String, java.lang.String, java.lang.String)[pri:0, instance:com.tests.HOOQAutomationPracticeTest@15ca7889]" started-at="2018-05-30T16:05:41Z" name="loginTests" data-provider="loginData" finished-at="2018-05-30T16:05:52Z" duration-ms="10561" status="PASS">
          <params>
            <param index="0">
              <value>
                <![CDATA[EMAIL_jaggu.souj@]]>
              </value>
            </param>
            <param index="1">
              <value>
                <![CDATA[PWD_Souj@2322]]>
              </value>
            </param>
            <param index="2">
              <value>
                <![CDATA[TEST-TYPE_negative]]>
              </value>
            </param>
            <param index="3">
              <value>
                <![CDATA[ERROR-MSG_Invalid email address.]]>
              </value>
            </param>
          </params>
          <reporter-output>
          </reporter-output>
        </test-method> <!-- loginTests -->
        <test-method signature="loginTests(java.lang.String, java.lang.String, java.lang.String, java.lang.String)[pri:0, instance:com.tests.HOOQAutomationPracticeTest@15ca7889]" started-at="2018-05-30T16:05:52Z" name="loginTests" data-provider="loginData" finished-at="2018-05-30T16:05:59Z" duration-ms="6715" status="PASS">
          <params>
            <param index="0">
              <value>
                <![CDATA[EMAIL_jaggu]]>
              </value>
            </param>
            <param index="1">
              <value>
                <![CDATA[PWD_Souj@2322]]>
              </value>
            </param>
            <param index="2">
              <value>
                <![CDATA[TEST-TYPE_negative]]>
              </value>
            </param>
            <param index="3">
              <value>
                <![CDATA[ERROR-MSG_Invalid email address.]]>
              </value>
            </param>
          </params>
          <reporter-output>
          </reporter-output>
        </test-method> <!-- loginTests -->
        <test-method signature="signUpTests()[pri:0, instance:com.tests.HOOQAutomationPracticeTest@15ca7889]" started-at="2018-05-30T16:05:59Z" name="signUpTests" finished-at="2018-05-30T16:06:13Z" duration-ms="14152" status="PASS">
          <reporter-output>
          </reporter-output>
        </test-method> <!-- signUpTests -->
        <test-method is-config="true" signature="quitDriver()[pri:0, instance:com.tests.HOOQAutomationPracticeTest@15ca7889]" started-at="2018-05-30T16:06:18Z" name="quitDriver" finished-at="2018-05-30T16:06:18Z" duration-ms="111" status="PASS">
          <reporter-output>
          </reporter-output>
        </test-method> <!-- quitDriver -->
      </class> <!-- com.tests.HOOQAutomationPracticeTest -->
    </test> <!-- HOOQ Automation Practice Validations -->
  </suite> <!-- HOOQ Automation Practice TestSuite -->
</testng-results>
