<?xml version="1.0" encoding="UTF-8"?>
<!-- Generated by org.testng.reporters.JUnitXMLReporter -->
<testsuite ignored="0" hostname="Jaggus-MacBook-Air.local" failures="0" tests="10" name="HOOQ Automation Practice Validations" time="80.022" errors="0" timestamp="30 May 2018 11:08:52 GMT">
  <testcase classname="com.tests.HOOQAutomationPracticeTest" name="loginTests" time="12.674"/>
  <testcase classname="com.tests.HOOQAutomationPracticeTest" name="loginTests" time="7.106"/>
  <testcase classname="com.tests.HOOQAutomationPracticeTest" name="loginTests" time="5.709"/>
  <testcase classname="com.tests.HOOQAutomationPracticeTest" name="loginTests" time="8.019"/>
  <testcase classname="com.tests.HOOQAutomationPracticeTest" name="loginTests" time="7.851"/>
  <testcase classname="com.tests.HOOQAutomationPracticeTest" name="loginTests" time="7.683"/>
  <testcase classname="com.tests.HOOQAutomationPracticeTest" name="loginTests" time="7.94"/>
  <testcase classname="com.tests.HOOQAutomationPracticeTest" name="loginTests" time="7.725"/>
  <testcase classname="com.tests.HOOQAutomationPracticeTest" name="signUpTests" time="12.855"/>
  <testcase classname="com.tests.HOOQAutomationPracticeTest" name="loginAPITests" time="2.398"/>
</testsuite> <!-- HOOQ Automation Practice Validations -->
